0 verbose cli /usr/local/bin/node /usr/local/bin/npm
1 info using npm@10.9.2
2 info using node@v22.14.0
3 silly config load:file:/usr/local/lib/node_modules/npm/npmrc
4 silly config load:file:/home/user/.npmrc
5 silly config load:file:/usr/local/etc/npmrc
6 verbose title npm install @supabase/supabase-js
7 verbose argv "install" "@supabase/supabase-js"
8 verbose logfile logs-max:10 dir:/home/user/.npm/_logs/2025-07-15T20_29_08_719Z-
9 verbose logfile /home/user/.npm/_logs/2025-07-15T20_29_08_719Z-debug-0.log
10 silly logfile done cleaning log files
11 silly packumentCache heap:2197815296 maxSize:549453824 maxEntrySize:274726912
12 silly idealTree buildDeps
13 silly fetch manifest @supabase/supabase-js@*
14 silly packumentCache full:https://registry.npmjs.org/@supabase%2fsupabase-js cache-miss
15 http fetch GET 200 https://registry.npmjs.org/@supabase%2fsupabase-js 436ms (cache miss)
16 silly packumentCache full:https://registry.npmjs.org/@supabase%2fsupabase-js set size:undefined disposed:false
17 silly placeDep ROOT @supabase/supabase-js@2.51.0 OK for: src@0.1.0 want: *
18 silly fetch manifest @supabase/auth-js@2.71.0
19 silly packumentCache full:https://registry.npmjs.org/@supabase%2fauth-js cache-miss
20 http fetch GET 200 https://registry.npmjs.org/@supabase%2fauth-js 80ms (cache miss)
21 silly packumentCache full:https://registry.npmjs.org/@supabase%2fauth-js set size:undefined disposed:false
22 silly fetch manifest @supabase/node-fetch@2.6.15
23 silly packumentCache full:https://registry.npmjs.org/@supabase%2fnode-fetch cache-miss
24 http fetch GET 200 https://registry.npmjs.org/@supabase%2fnode-fetch 57ms (cache miss)
25 silly packumentCache full:https://registry.npmjs.org/@supabase%2fnode-fetch set size:undefined disposed:false
26 silly fetch manifest @supabase/storage-js@2.7.1
27 silly packumentCache full:https://registry.npmjs.org/@supabase%2fstorage-js cache-miss
28 http fetch GET 200 https://registry.npmjs.org/@supabase%2fstorage-js 66ms (cache miss)
29 silly packumentCache full:https://registry.npmjs.org/@supabase%2fstorage-js set size:undefined disposed:false
30 silly fetch manifest @supabase/realtime-js@2.11.15
31 silly packumentCache full:https://registry.npmjs.org/@supabase%2frealtime-js cache-miss
32 http fetch GET 200 https://registry.npmjs.org/@supabase%2frealtime-js 76ms (cache miss)
33 silly packumentCache full:https://registry.npmjs.org/@supabase%2frealtime-js set size:undefined disposed:false
34 silly fetch manifest @supabase/functions-js@2.4.5
35 silly packumentCache full:https://registry.npmjs.org/@supabase%2ffunctions-js cache-miss
36 http fetch GET 200 https://registry.npmjs.org/@supabase%2ffunctions-js 62ms (cache miss)
37 silly packumentCache full:https://registry.npmjs.org/@supabase%2ffunctions-js set size:undefined disposed:false
38 silly fetch manifest @supabase/postgrest-js@1.19.4
39 silly packumentCache full:https://registry.npmjs.org/@supabase%2fpostgrest-js cache-miss
40 http fetch GET 200 https://registry.npmjs.org/@supabase%2fpostgrest-js 73ms (cache miss)
41 silly packumentCache full:https://registry.npmjs.org/@supabase%2fpostgrest-js set size:undefined disposed:false
42 silly placeDep ROOT @supabase/auth-js@2.71.0 OK for: @supabase/supabase-js@2.51.0 want: 2.71.0
43 silly placeDep ROOT @supabase/functions-js@2.4.5 OK for: @supabase/supabase-js@2.51.0 want: 2.4.5
44 silly placeDep ROOT @supabase/node-fetch@2.6.15 OK for: @supabase/supabase-js@2.51.0 want: 2.6.15
45 silly placeDep ROOT @supabase/postgrest-js@1.19.4 OK for: @supabase/supabase-js@2.51.0 want: 1.19.4
46 silly placeDep ROOT @supabase/realtime-js@2.11.15 OK for: @supabase/supabase-js@2.51.0 want: 2.11.15
47 silly placeDep ROOT @supabase/storage-js@2.7.1 OK for: @supabase/supabase-js@2.51.0 want: 2.7.1
48 silly fetch manifest @supabase/node-fetch@^2.6.14
49 silly packumentCache full:https://registry.npmjs.org/@supabase%2fnode-fetch cache-miss
50 http cache https://registry.npmjs.org/@supabase%2fnode-fetch 18ms (cache hit)
51 silly packumentCache full:https://registry.npmjs.org/@supabase%2fnode-fetch set size:53917 disposed:false
52 silly fetch manifest whatwg-url@^5.0.0
53 silly packumentCache full:https://registry.npmjs.org/whatwg-url cache-miss
54 http fetch GET 200 https://registry.npmjs.org/whatwg-url 43ms (cache miss)
55 silly packumentCache full:https://registry.npmjs.org/whatwg-url set size:undefined disposed:false
56 silly fetch manifest ws@^8.18.2
57 silly packumentCache full:https://registry.npmjs.org/ws cache-miss
58 http fetch GET 200 https://registry.npmjs.org/ws 48ms (cache miss)
59 silly packumentCache full:https://registry.npmjs.org/ws set size:undefined disposed:false
60 silly fetch manifest isows@^1.0.7
61 silly packumentCache full:https://registry.npmjs.org/isows cache-miss
62 http fetch GET 200 https://registry.npmjs.org/isows 40ms (cache miss)
63 silly packumentCache full:https://registry.npmjs.org/isows set size:undefined disposed:false
64 silly fetch manifest @types/ws@^8.18.1
65 silly packumentCache full:https://registry.npmjs.org/@types%2fws cache-miss
66 http fetch GET 200 https://registry.npmjs.org/@types%2fws 49ms (cache miss)
67 silly packumentCache full:https://registry.npmjs.org/@types%2fws set size:undefined disposed:false
68 silly fetch manifest @types/phoenix@^1.6.6
69 silly packumentCache full:https://registry.npmjs.org/@types%2fphoenix cache-miss
70 http fetch GET 200 https://registry.npmjs.org/@types%2fphoenix 53ms (cache miss)
71 silly packumentCache full:https://registry.npmjs.org/@types%2fphoenix set size:undefined disposed:false
72 silly placeDep node_modules/@supabase/node-fetch whatwg-url@5.0.0 OK for: @supabase/node-fetch@2.6.15 want: ^5.0.0
73 silly fetch manifest tr46@~0.0.3
74 silly packumentCache full:https://registry.npmjs.org/tr46 cache-miss
75 http fetch GET 200 https://registry.npmjs.org/tr46 37ms (cache miss)
76 silly packumentCache full:https://registry.npmjs.org/tr46 set size:undefined disposed:false
77 silly fetch manifest webidl-conversions@^3.0.0
78 silly packumentCache full:https://registry.npmjs.org/webidl-conversions cache-miss
79 http fetch GET 200 https://registry.npmjs.org/webidl-conversions 36ms (cache miss)
80 silly packumentCache full:https://registry.npmjs.org/webidl-conversions set size:undefined disposed:false
81 silly fetch manifest bufferutil@^4.0.1
82 silly packumentCache full:https://registry.npmjs.org/bufferutil cache-miss
83 http fetch GET 200 https://registry.npmjs.org/bufferutil 60ms (cache miss)
84 silly packumentCache full:https://registry.npmjs.org/bufferutil set size:undefined disposed:false
85 silly fetch manifest utf-8-validate@>=5.0.2
86 silly packumentCache full:https://registry.npmjs.org/utf-8-validate cache-miss
87 http fetch GET 200 https://registry.npmjs.org/utf-8-validate 40ms (cache miss)
88 silly packumentCache full:https://registry.npmjs.org/utf-8-validate set size:undefined disposed:false
89 silly placeDep ROOT @types/phoenix@1.6.6 OK for: @supabase/realtime-js@2.11.15 want: ^1.6.6
90 silly placeDep ROOT @types/ws@8.18.1 OK for: @supabase/realtime-js@2.11.15 want: ^8.18.1
91 silly placeDep ROOT isows@1.0.7 OK for: @supabase/realtime-js@2.11.15 want: ^1.0.7
92 silly placeDep ROOT ws@8.18.3 REPLACE for: @supabase/realtime-js@2.11.15 want: ^8.18.2
93 silly placeDep node_modules/@supabase/node-fetch tr46@0.0.3 OK for: whatwg-url@5.0.0 want: ~0.0.3
94 silly placeDep node_modules/@supabase/node-fetch webidl-conversions@3.0.1 OK for: whatwg-url@5.0.0 want: ^3.0.0
95 silly reify mark retired [ '/home/user/node_modules/ws' ]
96 silly reify moves {
96 silly reify   '/home/user/node_modules/ws': '/home/user/node_modules/.ws-UMzfw7V3'
96 silly reify }
97 silly audit bulk request {
97 silly audit   '@adobe/css-tools': [ '4.4.2' ],
97 silly audit   '@alloc/quick-lru': [ '5.2.0' ],
97 silly audit   '@ampproject/remapping': [ '2.3.0' ],
97 silly audit   '@asamuzakjp/css-color': [ '3.1.1' ],
97 silly audit   '@babel/code-frame': [ '7.27.1' ],
97 silly audit   '@babel/compat-data': [ '7.27.1' ],
97 silly audit   '@babel/core': [ '7.27.1' ],
97 silly audit   json5: [ '2.2.3', '1.0.2' ],
97 silly audit   semver: [ '6.3.1', '7.7.1' ],
97 silly audit   '@babel/eslint-parser': [ '7.27.1' ],
97 silly audit   'eslint-visitor-keys': [ '2.1.0', '3.4.3', '4.2.0' ],
97 silly audit   '@babel/generator': [ '7.27.1' ],
97 silly audit   '@babel/helper-compilation-targets': [ '7.27.1' ],
97 silly audit   'lru-cache': [ '5.1.1', '10.4.3' ],
97 silly audit   '@babel/helper-module-imports': [ '7.27.1' ],
97 silly audit   '@babel/helper-module-transforms': [ '7.27.1' ],
97 silly audit   '@babel/helper-string-parser': [ '7.27.1' ],
97 silly audit   '@babel/helper-validator-identifier': [ '7.27.1' ],
97 silly audit   '@babel/helper-validator-option': [ '7.27.1' ],
97 silly audit   '@babel/helpers': [ '7.27.1' ],
97 silly audit   '@babel/parser': [ '7.27.1' ],
97 silly audit   '@babel/runtime': [ '7.27.0' ],
97 silly audit   '@babel/template': [ '7.27.1' ],
97 silly audit   '@babel/traverse': [ '7.27.1' ],
97 silly audit   globals: [ '11.12.0', '14.0.0' ],
97 silly audit   '@babel/types': [ '7.27.1' ],
97 silly audit   '@csstools/color-helpers': [ '5.0.2' ],
97 silly audit   '@csstools/css-calc': [ '2.1.2' ],
97 silly audit   '@csstools/css-color-parser': [ '3.0.8' ],
97 silly audit   '@csstools/css-parser-algorithms': [ '3.0.4' ],
97 silly audit   '@csstools/css-tokenizer': [ '3.0.3' ],
97 silly audit   '@emnapi/core': [ '1.4.0' ],
97 silly audit   '@emnapi/runtime': [ '1.4.0' ],
97 silly audit   '@emnapi/wasi-threads': [ '1.0.1' ],
97 silly audit   '@esbuild/aix-ppc64': [ '0.25.2' ],
97 silly audit   '@esbuild/android-arm': [ '0.25.2' ],
97 silly audit   '@esbuild/android-arm64': [ '0.25.2' ],
97 silly audit   '@esbuild/android-x64': [ '0.25.2' ],
97 silly audit   '@esbuild/darwin-arm64': [ '0.25.2' ],
97 silly audit   '@esbuild/darwin-x64': [ '0.25.2' ],
97 silly audit   '@esbuild/freebsd-arm64': [ '0.25.2' ],
97 silly audit   '@esbuild/freebsd-x64': [ '0.25.2' ],
97 silly audit   '@esbuild/linux-arm': [ '0.25.2' ],
97 silly audit   '@esbuild/linux-arm64': [ '0.25.2' ],
97 silly audit   '@esbuild/linux-ia32': [ '0.25.2' ],
97 silly audit   '@esbuild/linux-loong64': [ '0.25.2' ],
97 silly audit   '@esbuild/linux-mips64el': [ '0.25.2' ],
97 silly audit   '@esbuild/linux-ppc64': [ '0.25.2' ],
97 silly audit   '@esbuild/linux-riscv64': [ '0.25.2' ],
97 silly audit   '@esbuild/linux-s390x': [ '0.25.2' ],
97 silly audit   '@esbuild/linux-x64': [ '0.25.2' ],
97 silly audit   '@esbuild/netbsd-arm64': [ '0.25.2' ],
97 silly audit   '@esbuild/netbsd-x64': [ '0.25.2' ],
97 silly audit   '@esbuild/openbsd-arm64': [ '0.25.2' ],
97 silly audit   '@esbuild/openbsd-x64': [ '0.25.2' ],
97 silly audit   '@esbuild/sunos-x64': [ '0.25.2' ],
97 silly audit   '@esbuild/win32-arm64': [ '0.25.2' ],
97 silly audit   '@esbuild/win32-ia32': [ '0.25.2' ],
97 silly audit   '@esbuild/win32-x64': [ '0.25.2' ],
97 silly audit   '@eslint-community/eslint-utils': [ '4.5.1' ],
97 silly audit   '@eslint-community/regexpp': [ '4.12.1' ],
97 silly audit   '@eslint/config-array': [ '0.19.2' ],
97 silly audit   '@eslint/config-helpers': [ '0.2.1' ],
97 silly audit   '@eslint/core': [ '0.12.0', '0.13.0' ],
97 silly audit   '@eslint/eslintrc': [ '3.3.1' ],
97 silly audit   '@eslint/js': [ '9.23.0' ],
97 silly audit   '@eslint/object-schema': [ '2.1.6' ],
97 silly audit   '@eslint/plugin-kit': [ '0.2.8' ],
97 silly audit   '@floating-ui/core': [ '1.6.9' ],
97 silly audit   '@floating-ui/dom': [ '1.6.13' ],
97 silly audit   '@floating-ui/react-dom': [ '2.1.2' ],
97 silly audit   '@floating-ui/utils': [ '0.2.9' ],
97 silly audit   '@hookform/resolvers': [ '5.0.1' ],
97 silly audit   '@humanfs/core': [ '0.19.1' ],
97 silly audit   '@humanfs/node': [ '0.16.6' ],
97 silly audit   '@humanwhocodes/retry': [ '0.3.1', '0.4.2' ],
97 silly audit   '@humanwhocodes/module-importer': [ '1.0.1' ],
97 silly audit   '@img/sharp-darwin-arm64': [ '0.33.5' ],
97 silly audit   '@img/sharp-darwin-x64': [ '0.33.5' ],
97 silly audit   '@img/sharp-libvips-darwin-arm64': [ '1.0.4' ],
97 silly audit   '@img/sharp-libvips-darwin-x64': [ '1.0.4' ],
97 silly audit   '@img/sharp-libvips-linux-arm': [ '1.0.5' ],
97 silly audit   '@img/sharp-libvips-linux-arm64': [ '1.0.4' ],
97 silly audit   '@img/sharp-libvips-linux-s390x': [ '1.0.4' ],
97 silly audit   '@img/sharp-libvips-linux-x64': [ '1.0.4' ],
97 silly audit   '@img/sharp-libvips-linuxmusl-arm64': [ '1.0.4' ],
97 silly audit   '@img/sharp-libvips-linuxmusl-x64': [ '1.0.4' ],
97 silly audit   '@img/sharp-linux-arm': [ '0.33.5' ],
97 silly audit   '@img/sharp-linux-arm64': [ '0.33.5' ],
97 silly audit   '@img/sharp-linux-s390x': [ '0.33.5' ],
97 silly audit   '@img/sharp-linux-x64': [ '0.33.5' ],
97 silly audit   '@img/sharp-linuxmusl-arm64': [ '0.33.5' ],
97 silly audit   '@img/sharp-linuxmusl-x64': [ '0.33.5' ],
97 silly audit   '@img/sharp-wasm32': [ '0.33.5' ],
97 silly audit   '@img/sharp-win32-ia32': [ '0.33.5' ],
97 silly audit   '@img/sharp-win32-x64': [ '0.33.5' ],
97 silly audit   '@isaacs/cliui': [ '8.0.2' ],
97 silly audit   '@jridgewell/gen-mapping': [ '0.3.8' ],
97 silly audit   '@jridgewell/resolve-uri': [ '3.1.2' ],
97 silly audit   '@jridgewell/set-array': [ '1.2.1' ],
97 silly audit   '@jridgewell/sourcemap-codec': [ '1.5.0' ],
97 silly audit   '@jridgewell/trace-mapping': [ '0.3.25' ],
97 silly audit   '@napi-rs/wasm-runtime': [ '0.2.8' ],
97 silly audit   '@neondatabase/serverless': [ '0.9.5' ],
97 silly audit   '@next/env': [ '15.2.4' ],
97 silly audit   '@next/eslint-plugin-next': [ '15.2.4' ],
97 silly audit   '@next/font': [ '14.2.15' ],
97 silly audit   '@next/swc-darwin-arm64': [ '15.2.4' ],
97 silly audit   '@next/swc-darwin-x64': [ '15.2.4' ],
97 silly audit   '@next/swc-linux-arm64-gnu': [ '15.2.4' ],
97 silly audit   '@next/swc-linux-arm64-musl': [ '15.2.4' ],
97 silly audit   '@next/swc-linux-x64-gnu': [ '15.2.4' ],
97 silly audit   '@next/swc-linux-x64-musl': [ '15.2.4' ],
97 silly audit   '@next/swc-win32-arm64-msvc': [ '15.2.4' ],
97 silly audit   '@next/swc-win32-x64-msvc': [ '15.2.4' ],
97 silly audit   '@nicolo-ribaudo/eslint-scope-5-internals': [ '5.1.1-v1' ],
97 silly audit   'eslint-scope': [ '5.1.1', '8.3.0' ],
97 silly audit   estraverse: [ '4.3.0', '5.3.0' ],
97 silly audit   '@nodelib/fs.scandir': [ '2.1.5' ],
97 silly audit   '@nodelib/fs.stat': [ '2.0.5' ],
97 silly audit   '@nodelib/fs.walk': [ '1.2.8' ],
97 silly audit   '@nolyfill/is-core-module': [ '1.0.39' ],
97 silly audit   '@pkgjs/parseargs': [ '0.11.0' ],
97 silly audit   '@radix-ui/number': [ '1.1.0' ],
97 silly audit   '@radix-ui/primitive': [ '1.1.1' ],
97 silly audit   '@radix-ui/react-accordion': [ '1.2.3' ],
97 silly audit   '@radix-ui/react-alert-dialog': [ '1.1.6' ],
97 silly audit   '@radix-ui/react-arrow': [ '1.1.2' ],
97 silly audit   '@radix-ui/react-aspect-ratio': [ '1.1.2' ],
97 silly audit   '@radix-ui/react-avatar': [ '1.1.3' ],
97 silly audit   '@radix-ui/react-checkbox': [ '1.1.4' ],
97 silly audit   '@radix-ui/react-collapsible': [ '1.1.3' ],
97 silly audit   '@radix-ui/react-collection': [ '1.1.2' ],
97 silly audit   '@radix-ui/react-compose-refs': [ '1.1.1' ],
97 silly audit   '@radix-ui/react-context': [ '1.1.1' ],
97 silly audit   '@radix-ui/react-context-menu': [ '2.2.6' ],
97 silly audit   '@radix-ui/react-dialog': [ '1.1.6' ],
97 silly audit   '@radix-ui/react-direction': [ '1.1.0' ],
97 silly audit   '@radix-ui/react-dismissable-layer': [ '1.1.5' ],
97 silly audit   '@radix-ui/react-dropdown-menu': [ '2.1.6' ],
97 silly audit   '@radix-ui/react-focus-guards': [ '1.1.1' ],
97 silly audit   '@radix-ui/react-focus-scope': [ '1.1.2' ],
97 silly audit   '@radix-ui/react-hover-card': [ '1.1.6' ],
97 silly audit   '@radix-ui/react-id': [ '1.1.0' ],
97 silly audit   '@radix-ui/react-label': [ '2.1.2' ],
97 silly audit   '@radix-ui/react-menu': [ '2.1.6' ],
97 silly audit   '@radix-ui/react-menubar': [ '1.1.6' ],
97 silly audit   '@radix-ui/react-navigation-menu': [ '1.2.5' ],
97 silly audit   '@radix-ui/react-popover': [ '1.1.6' ],
97 silly audit   '@radix-ui/react-popper': [ '1.2.2' ],
97 silly audit   '@radix-ui/react-portal': [ '1.1.4' ],
97 silly audit   '@radix-ui/react-presence': [ '1.1.2' ],
97 silly audit   '@radix-ui/react-primitive': [ '2.0.2' ],
97 silly audit   '@radix-ui/react-progress': [ '1.1.2' ],
97 silly audit   '@radix-ui/react-radio-group': [ '1.2.3' ],
97 silly audit   '@radix-ui/react-roving-focus': [ '1.1.2' ],
97 silly audit   '@radix-ui/react-scroll-area': [ '1.2.3' ],
97 silly audit   '@radix-ui/react-select': [ '2.1.6' ],
97 silly audit   '@radix-ui/react-separator': [ '1.1.2' ],
97 silly audit   '@radix-ui/react-slider': [ '1.2.3' ],
97 silly audit   '@radix-ui/react-slot': [ '1.1.2' ],
97 silly audit   '@radix-ui/react-switch': [ '1.1.3' ],
97 silly audit   '@radix-ui/react-tabs': [ '1.1.3' ],
97 silly audit   '@radix-ui/react-toast': [ '1.2.6' ],
97 silly audit   '@radix-ui/react-toggle': [ '1.1.2' ],
97 silly audit   '@radix-ui/react-toggle-group': [ '1.1.2' ],
97 silly audit   '@radix-ui/react-tooltip': [ '1.1.8' ],
97 silly audit   '@radix-ui/react-use-callback-ref': [ '1.1.0' ],
97 silly audit   '@radix-ui/react-use-controllable-state': [ '1.1.0' ],
97 silly audit   '@radix-ui/react-use-escape-keydown': [ '1.1.0' ],
97 silly audit   '@radix-ui/react-use-layout-effect': [ '1.1.0' ],
97 silly audit   '@radix-ui/react-use-previous': [ '1.1.0' ],
97 silly audit   '@radix-ui/react-use-rect': [ '1.1.0' ],
97 silly audit   '@radix-ui/react-use-size': [ '1.1.0' ],
97 silly audit   '@radix-ui/react-visually-hidden': [ '1.1.2' ],
97 silly audit   '@radix-ui/rect': [ '1.1.0' ],
97 silly audit   '@rollup/rollup-android-arm-eabi': [ '4.39.0' ],
97 silly audit   '@rollup/rollup-android-arm64': [ '4.39.0' ],
97 silly audit   '@rollup/rollup-darwin-arm64': [ '4.39.0' ],
97 silly audit   '@rollup/rollup-darwin-x64': [ '4.39.0' ],
97 silly audit   '@rollup/rollup-freebsd-arm64': [ '4.39.0' ],
97 silly audit   '@rollup/rollup-freebsd-x64': [ '4.39.0' ],
97 silly audit   '@rollup/rollup-linux-arm-gnueabihf': [ '4.39.0' ],
97 silly audit   '@rollup/rollup-linux-arm-musleabihf': [ '4.39.0' ],
97 silly audit   '@rollup/rollup-linux-arm64-gnu': [ '4.39.0' ],
97 silly audit   '@rollup/rollup-linux-arm64-musl': [ '4.39.0' ],
97 silly audit   '@rollup/rollup-linux-loongarch64-gnu': [ '4.39.0' ],
97 silly audit   '@rollup/rollup-linux-powerpc64le-gnu': [ '4.39.0' ],
97 silly audit   '@rollup/rollup-linux-riscv64-gnu': [ '4.39.0' ],
97 silly audit   '@rollup/rollup-linux-riscv64-musl': [ '4.39.0' ],
97 silly audit   '@rollup/rollup-linux-s390x-gnu': [ '4.39.0' ],
97 silly audit   '@rollup/rollup-linux-x64-gnu': [ '4.39.0' ],
97 silly audit   '@rollup/rollup-linux-x64-musl': [ '4.39.0' ],
97 silly audit   '@rollup/rollup-win32-arm64-msvc': [ '4.39.0' ],
97 silly audit   '@rollup/rollup-win32-ia32-msvc': [ '4.39.0' ],
97 silly audit   '@rollup/rollup-win32-x64-msvc': [ '4.39.0' ],
97 silly audit   '@rtsao/scc': [ '1.1.0' ],
97 silly audit   '@rushstack/eslint-patch': [ '1.11.0' ],
97 silly audit   '@socket.io/component-emitter': [ '3.1.2' ],
97 silly audit   '@standard-schema/utils': [ '0.3.0' ],
97 silly audit   '@swc/counter': [ '0.1.3' ],
97 silly audit   '@swc/helpers': [ '0.5.15' ],
97 silly audit   '@testing-library/dom': [ '10.4.0' ],
97 silly audit   'aria-query': [ '5.3.0', '5.3.2' ],
97 silly audit   '@testing-library/jest-dom': [ '6.6.3' ],
97 silly audit   chalk: [ '3.0.0', '4.1.2' ],
97 silly audit   'dom-accessibility-api': [ '0.6.3', '0.5.16' ],
97 silly audit   '@testing-library/react': [ '16.3.0' ],
97 silly audit   '@tybys/wasm-util': [ '0.9.0' ],
97 silly audit   '@types/aria-query': [ '5.0.4' ],
97 silly audit   '@types/d3-array': [ '3.2.1' ],
97 silly audit   '@types/d3-color': [ '3.1.3' ],
97 silly audit   '@types/d3-ease': [ '3.0.2' ],
97 silly audit   '@types/d3-interpolate': [ '3.0.4' ],
97 silly audit   '@types/d3-path': [ '3.1.1' ],
97 silly audit   '@types/d3-scale': [ '4.0.9' ],
97 silly audit   '@types/d3-shape': [ '3.1.7' ],
97 silly audit   '@types/d3-time': [ '3.0.4' ],
97 silly audit   '@types/d3-timer': [ '3.0.2' ],
97 silly audit   '@types/estree': [ '1.0.7' ],
97 silly audit   '@types/json-schema': [ '7.0.15' ],
97 silly audit   '@types/json5': [ '0.0.29' ],
97 silly audit   '@types/node': [ '20.17.30' ],
97 silly audit   '@types/pg': [ '8.11.6' ],
97 silly audit   '@types/react': [ '19.1.0' ],
97 silly audit   '@types/react-dom': [ '19.1.1' ],
97 silly audit   '@types/uuid': [ '10.0.0' ],
97 silly audit   '@typescript-eslint/eslint-plugin': [ '8.29.0' ],
97 silly audit   '@typescript-eslint/parser': [ '8.29.0' ],
97 silly audit   '@typescript-eslint/scope-manager': [ '8.29.0' ],
97 silly audit   '@typescript-eslint/type-utils': [ '8.29.0' ],
97 silly audit   '@typescript-eslint/types': [ '8.29.0' ],
97 silly audit   '@typescript-eslint/typescript-estree': [ '8.29.0' ],
97 silly audit   'brace-expansion': [ '2.0.1', '1.1.11' ],
97 silly audit   'fast-glob': [ '3.3.3', '3.3.1' ],
97 silly audit   'glob-parent': [ '5.1.2', '6.0.2' ],
97 silly audit   minimatch: [ '9.0.5', '3.1.2' ],
97 silly audit   '@typescript-eslint/utils': [ '8.29.0' ],
97 silly audit   '@typescript-eslint/visitor-keys': [ '8.29.0' ],
97 silly audit   '@unrs/resolver-binding-darwin-arm64': [ '1.3.3' ],
97 silly audit   '@unrs/resolver-binding-darwin-x64': [ '1.3.3' ],
97 silly audit   '@unrs/resolver-binding-freebsd-x64': [ '1.3.3' ],
97 silly audit   '@unrs/resolver-binding-linux-arm-gnueabihf': [ '1.3.3' ],
97 silly audit   '@unrs/resolver-binding-linux-arm-musleabihf': [ '1.3.3' ],
97 silly audit   '@unrs/resolver-binding-linux-arm64-gnu': [ '1.3.3' ],
97 silly audit   '@unrs/resolver-binding-linux-arm64-musl': [ '1.3.3' ],
97 silly audit   '@unrs/resolver-binding-linux-ppc64-gnu': [ '1.3.3' ],
97 silly audit   '@unrs/resolver-binding-linux-s390x-gnu': [ '1.3.3' ],
97 silly audit   '@unrs/resolver-binding-linux-x64-gnu': [ '1.3.3' ],
97 silly audit   '@unrs/resolver-binding-linux-x64-musl': [ '1.3.3' ],
97 silly audit   '@unrs/resolver-binding-wasm32-wasi': [ '1.3.3' ],
97 silly audit   '@unrs/resolver-binding-win32-arm64-msvc': [ '1.3.3' ],
97 silly audit   '@unrs/resolver-binding-win32-ia32-msvc': [ '1.3.3' ],
97 silly audit   '@unrs/resolver-binding-win32-x64-msvc': [ '1.3.3' ],
97 silly audit   '@upstash/redis': [ '1.35.0' ],
97 silly audit   '@vercel/kv': [ '3.0.0' ],
97 silly audit   '@vercel/postgres': [ '0.10.0' ],
97 silly audit   '@vitest/expect': [ '3.1.1' ],
97 silly audit   '@vitest/mocker': [ '3.1.1' ],
97 silly audit   '@vitest/pretty-format': [ '3.1.1' ],
97 silly audit   '@vitest/runner': [ '3.1.1' ],
97 silly audit   '@vitest/snapshot': [ '3.1.1' ],
97 silly audit   '@vitest/spy': [ '3.1.1' ],
97 silly audit   '@vitest/utils': [ '3.1.1' ],
97 silly audit   acorn: [ '8.14.1' ],
97 silly audit   'acorn-jsx': [ '5.3.2' ],
97 silly audit   'agent-base': [ '7.1.3' ],
97 silly audit   ajv: [ '6.12.6' ],
97 silly audit   'ansi-regex': [ '6.1.0', '5.0.1' ],
97 silly audit   'ansi-styles': [ '4.3.0', '5.2.0', '6.2.1' ],
97 silly audit   'any-promise': [ '1.3.0' ],
97 silly audit   anymatch: [ '3.1.3' ],
97 silly audit   arg: [ '5.0.2' ],
97 silly audit   argparse: [ '2.0.1' ],
97 silly audit   'aria-hidden': [ '1.2.4' ],
97 silly audit   'array-buffer-byte-length': [ '1.0.2' ],
97 silly audit   'array-includes': [ '3.1.8' ],
97 silly audit   'array.prototype.findlast': [ '1.2.5' ],
97 silly audit   'array.prototype.findlastindex': [ '1.2.6' ],
97 silly audit   'array.prototype.flat': [ '1.3.3' ],
97 silly audit   'array.prototype.flatmap': [ '1.3.3' ],
97 silly audit   'array.prototype.tosorted': [ '1.1.4' ],
97 silly audit   'arraybuffer.prototype.slice': [ '1.0.4' ],
97 silly audit   'assertion-error': [ '2.0.1' ],
97 silly audit   'ast-types-flow': [ '0.0.8' ],
97 silly audit   'async-function': [ '1.0.0' ],
97 silly audit   asynckit: [ '0.4.0' ],
97 silly audit   'attr-accept': [ '2.2.5' ],
97 silly audit   autoprefixer: [ '10.4.21' ],
97 silly audit   'available-typed-arrays': [ '1.0.7' ],
97 silly audit   'axe-core': [ '4.10.3' ],
97 silly audit   'axobject-query': [ '4.1.0' ],
97 silly audit   'balanced-match': [ '1.0.2' ],
97 silly audit   'binary-extensions': [ '2.3.0' ],
97 silly audit   braces: [ '3.0.3' ],
97 silly audit   browserslist: [ '4.24.4' ],
97 silly audit   bufferutil: [ '4.0.9' ],
97 silly audit   busboy: [ '1.6.0' ],
97 silly audit   cac: [ '6.7.14' ],
97 silly audit   'call-bind': [ '1.0.8' ],
97 silly audit   'call-bind-apply-helpers': [ '1.0.2' ],
97 silly audit   'call-bound': [ '1.0.4' ],
97 silly audit   callsites: [ '3.1.0' ],
97 silly audit   'camelcase-css': [ '2.0.1' ],
97 silly audit   'caniuse-lite': [ '1.0.30001707' ],
97 silly audit   chai: [ '5.2.0' ],
97 silly audit   'check-error': [ '2.1.1' ],
97 silly audit   chokidar: [ '3.6.0' ],
97 silly audit   'class-variance-authority': [ '0.7.1' ],
97 silly audit   'client-only': [ '0.0.1' ],
97 silly audit   clsx: [ '2.1.1' ],
97 silly audit   cmdk: [ '1.1.1' ],
97 silly audit   color: [ '4.2.3' ],
97 silly audit   'color-convert': [ '2.0.1' ],
97 silly audit   'color-name': [ '1.1.4' ],
97 silly audit   'color-string': [ '1.9.1' ],
97 silly audit   'combined-stream': [ '1.0.8' ],
97 silly audit   commander: [ '4.1.1' ],
97 silly audit   'concat-map': [ '0.0.1' ],
97 silly audit   'convert-source-map': [ '2.0.0' ],
97 silly audit   'cross-spawn': [ '7.0.6' ],
97 silly audit   'css.escape': [ '1.5.1' ],
97 silly audit   cssesc: [ '3.0.0' ],
97 silly audit   cssstyle: [ '4.3.0' ],
97 silly audit   csstype: [ '3.1.3' ],
97 silly audit   'd3-array': [ '3.2.4' ],
97 silly audit   'd3-color': [ '3.1.0' ],
97 silly audit   'd3-ease': [ '3.0.1' ],
97 silly audit   'd3-format': [ '3.1.0' ],
97 silly audit   'd3-interpolate': [ '3.0.1' ],
97 silly audit   'd3-path': [ '3.1.0' ],
97 silly audit   'd3-scale': [ '4.0.2' ],
97 silly audit   'd3-shape': [ '3.2.0' ],
97 silly audit   'd3-time': [ '3.1.0' ],
97 silly audit   'd3-time-format': [ '4.1.0' ],
97 silly audit   'd3-timer': [ '3.0.1' ],
97 silly audit   'damerau-levenshtein': [ '1.0.8' ],
97 silly audit   'data-urls': [ '5.0.0' ],
97 silly audit   'data-view-buffer': [ '1.0.2' ],
97 silly audit   'data-view-byte-length': [ '1.0.2' ],
97 silly audit   'data-view-byte-offset': [ '1.0.1' ],
97 silly audit   'date-fns': [ '3.6.0' ],
97 silly audit   debug: [ '4.4.0', '4.3.7', '3.2.7' ],
97 silly audit   'decimal.js': [ '10.5.0' ],
97 silly audit   'decimal.js-light': [ '2.5.1' ],
97 silly audit   'deep-eql': [ '5.0.2' ],
97 silly audit   'deep-is': [ '0.1.4' ],
97 silly audit   'define-data-property': [ '1.1.4' ],
97 silly audit   'define-properties': [ '1.2.1' ],
97 silly audit   'delayed-stream': [ '1.0.0' ],
97 silly audit   dequal: [ '2.0.3' ],
97 silly audit   'detect-libc': [ '2.0.3' ],
97 silly audit   'detect-node-es': [ '1.1.0' ],
97 silly audit   didyoumean: [ '1.2.2' ],
97 silly audit   dlv: [ '1.1.3' ],
97 silly audit   doctrine: [ '2.1.0' ],
97 silly audit   'dom-helpers': [ '5.2.1' ],
97 silly audit   'dunder-proto': [ '1.0.1' ],
97 silly audit   eastasianwidth: [ '0.2.0' ],
97 silly audit   'electron-to-chromium': [ '1.5.129' ],
97 silly audit   'embla-carousel': [ '8.5.2' ],
97 silly audit   'embla-carousel-react': [ '8.5.2' ],
97 silly audit   'embla-carousel-reactive-utils': [ '8.5.2' ],
97 silly audit   'emoji-regex': [ '9.2.2', '8.0.0' ],
97 silly audit   'engine.io-client': [ '6.6.3' ],
97 silly audit   ws: [ '8.17.1', '8.18.3' ],
97 silly audit   'engine.io-parser': [ '5.2.3' ],
97 silly audit   entities: [ '4.5.0' ],
97 silly audit   'es-abstract': [ '1.23.9' ],
97 silly audit   'es-define-property': [ '1.0.1' ],
97 silly audit   'es-errors': [ '1.3.0' ],
97 silly audit   'es-iterator-helpers': [ '1.2.1' ],
97 silly audit   'es-module-lexer': [ '1.6.0' ],
97 silly audit   'es-object-atoms': [ '1.1.1' ],
97 silly audit   'es-set-tostringtag': [ '2.1.0' ],
97 silly audit   'es-shim-unscopables': [ '1.1.0' ],
97 silly audit   'es-to-primitive': [ '1.3.0' ],
97 silly audit   esbuild: [ '0.25.2' ],
97 silly audit   escalade: [ '3.2.0' ],
97 silly audit   'escape-string-regexp': [ '4.0.0' ],
97 silly audit   eslint: [ '9.23.0' ],
97 silly audit   'eslint-config-next': [ '15.2.4' ],
97 silly audit   'eslint-import-resolver-node': [ '0.3.9' ],
97 silly audit   'eslint-import-resolver-typescript': [ '3.10.0' ],
97 silly audit   'eslint-module-utils': [ '2.12.0' ],
97 silly audit   'eslint-plugin-import': [ '2.31.0' ],
97 silly audit   'eslint-plugin-jsx-a11y': [ '6.10.2' ],
97 silly audit   'eslint-plugin-react': [ '7.37.4' ],
97 silly audit   'eslint-plugin-react-hooks': [ '5.2.0' ],
97 silly audit   resolve: [ '2.0.0-next.5', '1.22.10' ],
97 silly audit   espree: [ '10.3.0' ],
97 silly audit   esquery: [ '1.6.0' ],
97 silly audit   esrecurse: [ '4.3.0' ],
97 silly audit   'estree-walker': [ '3.0.3' ],
97 silly audit   esutils: [ '2.0.3' ],
97 silly audit   eventemitter3: [ '4.0.7' ],
97 silly audit   'expect-type': [ '1.2.1' ],
97 silly audit   'fast-deep-equal': [ '3.1.3' ],
97 silly audit   'fast-equals': [ '5.2.2' ],
97 silly audit   'fast-json-stable-stringify': [ '2.1.0' ],
97 silly audit   'fast-levenshtein': [ '2.0.6' ],
97 silly audit   fastq: [ '1.19.1' ],
97 silly audit   'file-entry-cache': [ '8.0.0' ],
97 silly audit   'file-selector': [ '2.1.2' ],
97 silly audit   'fill-range': [ '7.1.1' ],
97 silly audit   'find-up': [ '5.0.0' ],
97 silly audit   'flat-cache': [ '4.0.1' ],
97 silly audit   flatted: [ '3.3.3' ],
97 silly audit   'for-each': [ '0.3.5' ],
97 silly audit   'foreground-child': [ '3.3.1' ],
97 silly audit   'form-data': [ '4.0.2' ],
97 silly audit   'fraction.js': [ '4.3.7' ],
97 silly audit   'framer-motion': [ '12.6.3' ],
97 silly audit   fsevents: [ '2.3.3' ],
97 silly audit   'function-bind': [ '1.1.2' ],
97 silly audit   'function.prototype.name': [ '1.1.8' ],
97 silly audit   'functions-have-names': [ '1.2.3' ],
97 silly audit   gensync: [ '1.0.0-beta.2' ],
97 silly audit   'get-intrinsic': [ '1.3.0' ],
97 silly audit   'get-nonce': [ '1.0.1' ],
97 silly audit   'get-proto': [ '1.0.1' ],
97 silly audit   'get-symbol-description': [ '1.1.0' ],
97 silly audit   'get-tsconfig': [ '4.10.0' ],
97 silly audit   glob: [ '10.4.5' ],
97 silly audit   globalthis: [ '1.0.4' ],
97 silly audit   gopd: [ '1.2.0' ],
97 silly audit   graphemer: [ '1.4.0' ],
97 silly audit   'has-bigints': [ '1.1.0' ],
97 silly audit   'has-flag': [ '4.0.0' ],
97 silly audit   'has-property-descriptors': [ '1.0.2' ],
97 silly audit   'has-proto': [ '1.2.0' ],
97 silly audit   'has-symbols': [ '1.1.0' ],
97 silly audit   'has-tostringtag': [ '1.0.2' ],
97 silly audit   hasown: [ '2.0.2' ],
97 silly audit   'html-encoding-sniffer': [ '4.0.0' ],
97 silly audit   'http-proxy-agent': [ '7.0.2' ],
97 silly audit   'https-proxy-agent': [ '7.0.6' ],
97 silly audit   'iconv-lite': [ '0.6.3' ],
97 silly audit   ignore: [ '5.3.2' ],
97 silly audit   'import-fresh': [ '3.3.1' ],
97 silly audit   imurmurhash: [ '0.1.4' ],
97 silly audit   'indent-string': [ '4.0.0' ],
97 silly audit   'input-otp': [ '1.4.2' ],
97 silly audit   'internal-slot': [ '1.1.0' ],
97 silly audit   internmap: [ '2.0.3' ],
97 silly audit   'is-array-buffer': [ '3.0.5' ],
97 silly audit   'is-arrayish': [ '0.3.2' ],
97 silly audit   'is-async-function': [ '2.1.1' ],
97 silly audit   'is-bigint': [ '1.1.0' ],
97 silly audit   'is-binary-path': [ '2.1.0' ],
97 silly audit   'is-boolean-object': [ '1.2.2' ],
97 silly audit   'is-bun-module': [ '2.0.0' ],
97 silly audit   'is-callable': [ '1.2.7' ],
97 silly audit   'is-core-module': [ '2.16.1' ],
97 silly audit   'is-data-view': [ '1.0.2' ],
97 silly audit   'is-date-object': [ '1.1.0' ],
97 silly audit   'is-extglob': [ '2.1.1' ],
97 silly audit   'is-finalizationregistry': [ '1.1.1' ],
97 silly audit   'is-fullwidth-code-point': [ '3.0.0' ],
97 silly audit   'is-generator-function': [ '1.1.0' ],
97 silly audit   'is-glob': [ '4.0.3' ],
97 silly audit   'is-map': [ '2.0.3' ],
97 silly audit   'is-number': [ '7.0.0' ],
97 silly audit   'is-number-object': [ '1.1.1' ],
97 silly audit   'is-potential-custom-element-name': [ '1.0.1' ],
97 silly audit   'is-regex': [ '1.2.1' ],
97 silly audit   'is-set': [ '2.0.3' ],
97 silly audit   'is-shared-array-buffer': [ '1.0.4' ],
97 silly audit   'is-string': [ '1.1.1' ],
97 silly audit   'is-symbol': [ '1.1.1' ],
97 silly audit   'is-typed-array': [ '1.1.15' ],
97 silly audit   'is-weakmap': [ '2.0.2' ],
97 silly audit   'is-weakref': [ '1.1.1' ],
97 silly audit   'is-weakset': [ '2.0.4' ],
97 silly audit   isarray: [ '2.0.5' ],
97 silly audit   isexe: [ '2.0.0' ],
97 silly audit   'iterator.prototype': [ '1.1.5' ],
97 silly audit   jackspeak: [ '3.4.3' ],
97 silly audit   jiti: [ '1.21.7' ],
97 silly audit   'js-tokens': [ '4.0.0' ],
97 silly audit   'js-yaml': [ '4.1.0' ],
97 silly audit   jsdom: [ '26.0.0' ],
97 silly audit   jsesc: [ '3.1.0' ],
97 silly audit   'json-buffer': [ '3.0.1' ],
97 silly audit   'json-schema-traverse': [ '0.4.1' ],
97 silly audit   'json-stable-stringify-without-jsonify': [ '1.0.1' ],
97 silly audit   'jsx-ast-utils': [ '3.3.5' ],
97 silly audit   keyv: [ '4.5.4' ],
97 silly audit   'language-subtag-registry': [ '0.3.23' ],
97 silly audit   'language-tags': [ '1.0.9' ],
97 silly audit   levn: [ '0.4.1' ],
97 silly audit   lilconfig: [ '3.1.3' ],
97 silly audit   'lines-and-columns': [ '1.2.4' ],
97 silly audit   'locate-path': [ '6.0.0' ],
97 silly audit   lodash: [ '4.17.21' ],
97 silly audit   'lodash.merge': [ '4.6.2' ],
97 silly audit   'loose-envify': [ '1.4.0' ],
97 silly audit   loupe: [ '3.1.3' ],
97 silly audit   'lucide-react': [ '0.487.0' ],
97 silly audit   'lz-string': [ '1.5.0' ],
97 silly audit   'magic-string': [ '0.30.17' ],
97 silly audit   'math-intrinsics': [ '1.1.0' ],
97 silly audit   merge2: [ '1.4.1' ],
97 silly audit   micromatch: [ '4.0.8' ],
97 silly audit   'mime-db': [ '1.52.0' ],
97 silly audit   'mime-types': [ '2.1.35' ],
97 silly audit   'min-indent': [ '1.0.1' ],
97 silly audit   minimist: [ '1.2.8' ],
97 silly audit   minipass: [ '7.1.2' ],
97 silly audit   'motion-dom': [ '12.6.3' ],
97 silly audit   'motion-utils': [ '12.6.3' ],
97 silly audit   ms: [ '2.1.3' ],
97 silly audit   mz: [ '2.7.0' ],
97 silly audit   nanoid: [ '3.3.11' ],
97 silly audit   'natural-compare': [ '1.4.0' ],
97 silly audit   next: [ '15.2.4' ],
97 silly audit   'next-themes': [ '0.4.6' ],
97 silly audit   postcss: [ '8.4.31', '8.5.3' ],
97 silly audit   'node-gyp-build': [ '4.8.4' ],
97 silly audit   'node-releases': [ '2.0.19' ],
97 silly audit   'normalize-path': [ '3.0.0' ],
97 silly audit   'normalize-range': [ '0.1.2' ],
97 silly audit   nwsapi: [ '2.2.20' ],
97 silly audit   'object-assign': [ '4.1.1' ],
97 silly audit   'object-hash': [ '3.0.0' ],
97 silly audit   'object-inspect': [ '1.13.4' ],
97 silly audit   'object-keys': [ '1.1.1' ],
97 silly audit   'object.assign': [ '4.1.7' ],
97 silly audit   'object.entries': [ '1.1.9' ],
97 silly audit   'object.fromentries': [ '2.0.8' ],
97 silly audit   'object.groupby': [ '1.0.3' ],
97 silly audit   'object.values': [ '1.2.1' ],
97 silly audit   obuf: [ '1.1.2' ],
97 silly audit   optionator: [ '0.9.4' ],
97 silly audit   'own-keys': [ '1.0.1' ],
97 silly audit   'p-limit': [ '3.1.0' ],
97 silly audit   'p-locate': [ '5.0.0' ],
97 silly audit   'package-json-from-dist': [ '1.0.1' ],
97 silly audit   'parent-module': [ '1.0.1' ],
97 silly audit   parse5: [ '7.2.1' ],
97 silly audit   'path-exists': [ '4.0.0' ],
97 silly audit   'path-key': [ '3.1.1' ],
97 silly audit   'path-parse': [ '1.0.7' ],
97 silly audit   'path-scurry': [ '1.11.1' ],
97 silly audit   pathe: [ '2.0.3' ],
97 silly audit   pathval: [ '2.0.0' ],
97 silly audit   'pg-int8': [ '1.0.1' ],
97 silly audit   'pg-numeric': [ '1.0.2' ],
97 silly audit   'pg-protocol': [ '1.10.2' ],
97 silly audit   'pg-types': [ '4.0.2' ],
97 silly audit   picocolors: [ '1.1.1' ],
97 silly audit   picomatch: [ '2.3.1', '4.0.2' ],
97 silly audit   pify: [ '2.3.0' ],
97 silly audit   pirates: [ '4.0.7' ],
97 silly audit   'possible-typed-array-names': [ '1.1.0' ],
97 silly audit   'postcss-import': [ '15.1.0' ],
97 silly audit   'postcss-js': [ '4.0.1' ],
97 silly audit   'postcss-load-config': [ '4.0.2' ],
97 silly audit   'postcss-nested': [ '6.2.0' ],
97 silly audit   'postcss-selector-parser': [ '6.1.2' ],
97 silly audit   'postcss-value-parser': [ '4.2.0' ],
97 silly audit   'postgres-array': [ '3.0.4' ],
97 silly audit   'postgres-bytea': [ '3.0.0' ],
97 silly audit   'postgres-date': [ '2.1.0' ],
97 silly audit   'postgres-interval': [ '3.0.0' ],
97 silly audit   'postgres-range': [ '1.1.4' ],
97 silly audit   'prelude-ls': [ '1.2.1' ],
97 silly audit   'pretty-format': [ '27.5.1' ],
97 silly audit   'react-is': [ '17.0.2', '16.13.1', '18.3.1' ],
97 silly audit   'prop-types': [ '15.8.1' ],
97 silly audit   punycode: [ '2.3.1' ],
97 silly audit   'queue-microtask': [ '1.2.3' ],
97 silly audit   react: [ '18.3.1' ],
97 silly audit   'react-day-picker': [ '8.10.1' ],
97 silly audit   'react-dom': [ '18.3.1' ],
97 silly audit   'react-dropzone': [ '14.3.8' ],
97 silly audit   'react-hook-form': [ '7.55.0' ],
97 silly audit   'react-remove-scroll': [ '2.6.3' ],
97 silly audit   'react-remove-scroll-bar': [ '2.3.8' ],
97 silly audit   'react-resizable-panels': [ '2.1.7' ],
97 silly audit   'react-smooth': [ '4.0.4' ],
97 silly audit   'react-style-singleton': [ '2.2.3' ],
97 silly audit   'react-transition-group': [ '4.4.5' ],
97 silly audit   'read-cache': [ '1.0.0' ],
97 silly audit   readdirp: [ '3.6.0' ],
97 silly audit   recharts: [ '2.15.1' ],
97 silly audit   'recharts-scale': [ '0.4.5' ],
97 silly audit   redent: [ '3.0.0' ],
97 silly audit   'reflect.getprototypeof': [ '1.0.10' ],
97 silly audit   'regenerator-runtime': [ '0.14.1' ],
97 silly audit   'regexp.prototype.flags': [ '1.5.4' ],
97 silly audit   'resolve-from': [ '4.0.0' ],
97 silly audit   'resolve-pkg-maps': [ '1.0.0' ],
97 silly audit   reusify: [ '1.1.0' ],
97 silly audit   rollup: [ '4.39.0' ],
97 silly audit   'rrweb-cssom': [ '0.8.0' ],
97 silly audit   'run-parallel': [ '1.2.0' ],
97 silly audit   'safe-array-concat': [ '1.1.3' ],
97 silly audit   'safe-push-apply': [ '1.0.0' ],
97 silly audit   'safe-regex-test': [ '1.1.0' ],
97 silly audit   'safer-buffer': [ '2.1.2' ],
97 silly audit   saxes: [ '6.0.0' ],
97 silly audit   scheduler: [ '0.23.2' ],
97 silly audit   'set-function-length': [ '1.2.2' ],
97 silly audit   'set-function-name': [ '2.0.2' ],
97 silly audit   'set-proto': [ '1.0.0' ],
97 silly audit   sharp: [ '0.33.5' ],
97 silly audit   'shebang-command': [ '2.0.0' ],
97 silly audit   'shebang-regex': [ '3.0.0' ],
97 silly audit   'side-channel': [ '1.1.0' ],
97 silly audit   'side-channel-list': [ '1.0.0' ],
97 silly audit   'side-channel-map': [ '1.0.1' ],
97 silly audit   'side-channel-weakmap': [ '1.0.2' ],
97 silly audit   siginfo: [ '2.0.0' ],
97 silly audit   'signal-exit': [ '4.1.0' ],
97 silly audit   'simple-swizzle': [ '0.2.2' ],
97 silly audit   'socket.io-client': [ '4.8.1' ],
97 silly audit   'socket.io-parser': [ '4.2.4' ],
97 silly audit   sonner: [ '2.0.3' ],
97 silly audit   'source-map-js': [ '1.2.1' ],
97 silly audit   'stable-hash': [ '0.0.5' ],
97 silly audit   stackback: [ '0.0.2' ],
97 silly audit   'std-env': [ '3.9.0' ],
97 silly audit   streamsearch: [ '1.1.0' ],
97 silly audit   'string-width': [ '5.1.2', '4.2.3' ],
97 silly audit   'strip-ansi': [ '6.0.1', '7.1.0' ],
97 silly audit   'string.prototype.includes': [ '2.0.1' ],
97 silly audit   'string.prototype.matchall': [ '4.0.12' ],
97 silly audit   'string.prototype.repeat': [ '1.0.0' ],
97 silly audit   'string.prototype.trim': [ '1.2.10' ],
97 silly audit   'string.prototype.trimend': [ '1.0.9' ],
97 silly audit   'string.prototype.trimstart': [ '1.0.8' ],
97 silly audit   'strip-bom': [ '3.0.0' ],
97 silly audit   'strip-indent': [ '3.0.0' ],
97 silly audit   'strip-json-comments': [ '3.1.1' ],
97 silly audit   'styled-jsx': [ '5.1.6' ],
97 silly audit   sucrase: [ '3.35.0' ],
97 silly audit   'supports-color': [ '7.2.0' ],
97 silly audit   'supports-preserve-symlinks-flag': [ '1.0.0' ],
97 silly audit   'symbol-tree': [ '3.2.4' ],
97 silly audit   'tailwind-merge': [ '3.1.0' ],
97 silly audit   tailwindcss: [ '3.4.17' ],
97 silly audit   'tailwindcss-animate': [ '1.0.7' ],
97 silly audit   thenify: [ '3.3.1' ],
97 silly audit   'thenify-all': [ '1.6.0' ],
97 silly audit   'tiny-invariant': [ '1.3.3' ],
97 silly audit   tinybench: [ '2.9.0' ],
97 silly audit   tinyexec: [ '0.3.2' ],
97 silly audit   tinyglobby: [ '0.2.13' ],
97 silly audit   fdir: [ '6.4.4' ],
97 silly audit   tinypool: [ '1.0.2' ],
97 silly audit   tinyrainbow: [ '2.0.0' ],
97 silly audit   tinyspy: [ '3.0.2' ],
97 silly audit   tldts: [ '6.1.85' ],
97 silly audit   'tldts-core': [ '6.1.85' ],
97 silly audit   'to-regex-range': [ '5.0.1' ],
97 silly audit   'tough-cookie': [ '5.1.2' ],
97 silly audit   tr46: [ '5.1.0', '0.0.3' ],
97 silly audit   'ts-api-utils': [ '2.1.0' ],
97 silly audit   'ts-interface-checker': [ '0.1.13' ],
97 silly audit   'tsconfig-paths': [ '3.15.0' ],
97 silly audit   tslib: [ '2.8.1' ],
97 silly audit   'tw-animate-css': [ '1.2.5' ],
97 silly audit   'type-check': [ '0.4.0' ],
97 silly audit   'typed-array-buffer': [ '1.0.3' ],
97 silly audit   'typed-array-byte-length': [ '1.0.3' ],
97 silly audit   'typed-array-byte-offset': [ '1.0.4' ],
97 silly audit   'typed-array-length': [ '1.0.7' ],
97 silly audit   typescript: [ '5.8.2' ],
97 silly audit   'unbox-primitive': [ '1.1.0' ],
97 silly audit   uncrypto: [ '0.1.3' ],
97 silly audit   'undici-types': [ '6.19.8' ],
97 silly audit   'unrs-resolver': [ '1.3.3' ],
97 silly audit   'update-browserslist-db': [ '1.1.3' ],
97 silly audit   'uri-js': [ '4.4.1' ],
97 silly audit   'use-callback-ref': [ '1.3.3' ],
97 silly audit   'use-sidecar': [ '1.1.3' ],
97 silly audit   'util-deprecate': [ '1.0.2' ],
97 silly audit   uuid: [ '11.1.0' ],
97 silly audit   vaul: [ '1.1.2' ],
97 silly audit   'victory-vendor': [ '36.9.2' ],
97 silly audit   vite: [ '6.3.4' ],
97 silly audit   'vite-node': [ '3.1.1' ],
97 silly audit   vitest: [ '3.1.1' ],
97 silly audit   'w3c-xmlserializer': [ '5.0.0' ],
97 silly audit   'webidl-conversions': [ '7.0.0', '3.0.1' ],
97 silly audit   'whatwg-encoding': [ '3.1.1' ],
97 silly audit   'whatwg-mimetype': [ '4.0.0' ],
97 silly audit   'whatwg-url': [ '14.2.0', '5.0.0' ],
97 silly audit   which: [ '2.0.2' ],
97 silly audit   'which-boxed-primitive': [ '1.1.1' ],
97 silly audit   'which-builtin-type': [ '1.2.1' ],
97 silly audit   'which-collection': [ '1.0.2' ],
97 silly audit   'which-typed-array': [ '1.1.19' ],
97 silly audit   'why-is-node-running': [ '2.3.0' ],
97 silly audit   'word-wrap': [ '1.2.5' ],
97 silly audit   'wrap-ansi': [ '8.1.0', '7.0.0' ],
97 silly audit   'xml-name-validator': [ '5.0.0' ],
97 silly audit   xmlchars: [ '2.2.0' ],
97 silly audit   'xmlhttprequest-ssl': [ '2.1.2' ],
97 silly audit   yallist: [ '3.1.1' ],
97 silly audit   yaml: [ '2.7.1' ],
97 silly audit   'yocto-queue': [ '0.1.0' ],
97 silly audit   zod: [ '3.24.2' ],
97 silly audit   '@supabase/supabase-js': [ '2.51.0' ],
97 silly audit   '@supabase/auth-js': [ '2.71.0' ],
97 silly audit   '@supabase/functions-js': [ '2.4.5' ],
97 silly audit   '@supabase/node-fetch': [ '2.6.15' ],
97 silly audit   '@supabase/postgrest-js': [ '1.19.4' ],
97 silly audit   '@supabase/realtime-js': [ '2.11.15' ],
97 silly audit   '@supabase/storage-js': [ '2.7.1' ],
97 silly audit   '@types/phoenix': [ '1.6.6' ],
97 silly audit   '@types/ws': [ '8.18.1' ],
97 silly audit   isows: [ '1.0.7' ]
97 silly audit }
98 verbose reify failed optional dependency /home/user/node_modules/fsevents
99 silly reify mark deleted [ '/home/user/node_modules/fsevents' ]
100 verbose reify failed optional dependency /home/user/node_modules/@unrs/resolver-binding-win32-x64-msvc
101 silly reify mark deleted [ '/home/user/node_modules/@unrs/resolver-binding-win32-x64-msvc' ]
102 verbose reify failed optional dependency /home/user/node_modules/@unrs/resolver-binding-win32-ia32-msvc
103 silly reify mark deleted [ '/home/user/node_modules/@unrs/resolver-binding-win32-ia32-msvc' ]
104 verbose reify failed optional dependency /home/user/node_modules/@unrs/resolver-binding-win32-arm64-msvc
105 silly reify mark deleted [ '/home/user/node_modules/@unrs/resolver-binding-win32-arm64-msvc' ]
106 verbose reify failed optional dependency /home/user/node_modules/@unrs/resolver-binding-wasm32-wasi
107 silly reify mark deleted [ '/home/user/node_modules/@unrs/resolver-binding-wasm32-wasi' ]
108 verbose reify failed optional dependency /home/user/node_modules/@napi-rs/wasm-runtime
109 silly reify mark deleted [ '/home/user/node_modules/@napi-rs/wasm-runtime' ]
110 verbose reify failed optional dependency /home/user/node_modules/@emnapi/core
111 silly reify mark deleted [ '/home/user/node_modules/@emnapi/core' ]
112 verbose reify failed optional dependency /home/user/node_modules/@tybys/wasm-util
113 silly reify mark deleted [ '/home/user/node_modules/@tybys/wasm-util' ]
114 verbose reify failed optional dependency /home/user/node_modules/@emnapi/wasi-threads
115 silly reify mark deleted [ '/home/user/node_modules/@emnapi/wasi-threads' ]
116 verbose reify failed optional dependency /home/user/node_modules/@unrs/resolver-binding-linux-s390x-gnu
117 silly reify mark deleted [ '/home/user/node_modules/@unrs/resolver-binding-linux-s390x-gnu' ]
118 verbose reify failed optional dependency /home/user/node_modules/@unrs/resolver-binding-linux-ppc64-gnu
119 silly reify mark deleted [ '/home/user/node_modules/@unrs/resolver-binding-linux-ppc64-gnu' ]
120 verbose reify failed optional dependency /home/user/node_modules/@unrs/resolver-binding-linux-arm64-musl
121 silly reify mark deleted [ '/home/user/node_modules/@unrs/resolver-binding-linux-arm64-musl' ]
122 verbose reify failed optional dependency /home/user/node_modules/@unrs/resolver-binding-linux-arm64-gnu
123 silly reify mark deleted [ '/home/user/node_modules/@unrs/resolver-binding-linux-arm64-gnu' ]
124 verbose reify failed optional dependency /home/user/node_modules/@unrs/resolver-binding-linux-arm-musleabihf
125 silly reify mark deleted [
125 silly reify   '/home/user/node_modules/@unrs/resolver-binding-linux-arm-musleabihf'
125 silly reify ]
126 verbose reify failed optional dependency /home/user/node_modules/@unrs/resolver-binding-linux-arm-gnueabihf
127 silly reify mark deleted [
127 silly reify   '/home/user/node_modules/@unrs/resolver-binding-linux-arm-gnueabihf'
127 silly reify ]
128 verbose reify failed optional dependency /home/user/node_modules/@unrs/resolver-binding-freebsd-x64
129 silly reify mark deleted [ '/home/user/node_modules/@unrs/resolver-binding-freebsd-x64' ]
130 verbose reify failed optional dependency /home/user/node_modules/@unrs/resolver-binding-darwin-x64
131 silly reify mark deleted [ '/home/user/node_modules/@unrs/resolver-binding-darwin-x64' ]
132 verbose reify failed optional dependency /home/user/node_modules/@unrs/resolver-binding-darwin-arm64
133 silly reify mark deleted [ '/home/user/node_modules/@unrs/resolver-binding-darwin-arm64' ]
134 verbose reify failed optional dependency /home/user/node_modules/@rollup/rollup-win32-x64-msvc
135 silly reify mark deleted [ '/home/user/node_modules/@rollup/rollup-win32-x64-msvc' ]
136 verbose reify failed optional dependency /home/user/node_modules/@rollup/rollup-win32-ia32-msvc
137 silly reify mark deleted [ '/home/user/node_modules/@rollup/rollup-win32-ia32-msvc' ]
138 verbose reify failed optional dependency /home/user/node_modules/@rollup/rollup-win32-arm64-msvc
139 silly reify mark deleted [ '/home/user/node_modules/@rollup/rollup-win32-arm64-msvc' ]
140 verbose reify failed optional dependency /home/user/node_modules/@rollup/rollup-linux-s390x-gnu
141 silly reify mark deleted [ '/home/user/node_modules/@rollup/rollup-linux-s390x-gnu' ]
142 verbose reify failed optional dependency /home/user/node_modules/@rollup/rollup-linux-riscv64-musl
143 silly reify mark deleted [ '/home/user/node_modules/@rollup/rollup-linux-riscv64-musl' ]
144 verbose reify failed optional dependency /home/user/node_modules/@rollup/rollup-linux-riscv64-gnu
145 silly reify mark deleted [ '/home/user/node_modules/@rollup/rollup-linux-riscv64-gnu' ]
146 verbose reify failed optional dependency /home/user/node_modules/@rollup/rollup-linux-powerpc64le-gnu
147 silly reify mark deleted [ '/home/user/node_modules/@rollup/rollup-linux-powerpc64le-gnu' ]
148 verbose reify failed optional dependency /home/user/node_modules/@rollup/rollup-linux-loongarch64-gnu
149 silly reify mark deleted [ '/home/user/node_modules/@rollup/rollup-linux-loongarch64-gnu' ]
150 verbose reify failed optional dependency /home/user/node_modules/@rollup/rollup-linux-arm64-musl
151 silly reify mark deleted [ '/home/user/node_modules/@rollup/rollup-linux-arm64-musl' ]
152 verbose reify failed optional dependency /home/user/node_modules/@rollup/rollup-linux-arm64-gnu
153 silly reify mark deleted [ '/home/user/node_modules/@rollup/rollup-linux-arm64-gnu' ]
154 verbose reify failed optional dependency /home/user/node_modules/@rollup/rollup-linux-arm-musleabihf
155 silly reify mark deleted [ '/home/user/node_modules/@rollup/rollup-linux-arm-musleabihf' ]
156 verbose reify failed optional dependency /home/user/node_modules/@rollup/rollup-linux-arm-gnueabihf
157 silly reify mark deleted [ '/home/user/node_modules/@rollup/rollup-linux-arm-gnueabihf' ]
158 verbose reify failed optional dependency /home/user/node_modules/@rollup/rollup-freebsd-x64
159 silly reify mark deleted [ '/home/user/node_modules/@rollup/rollup-freebsd-x64' ]
160 verbose reify failed optional dependency /home/user/node_modules/@rollup/rollup-freebsd-arm64
161 silly reify mark deleted [ '/home/user/node_modules/@rollup/rollup-freebsd-arm64' ]
162 verbose reify failed optional dependency /home/user/node_modules/@rollup/rollup-darwin-x64
163 silly reify mark deleted [ '/home/user/node_modules/@rollup/rollup-darwin-x64' ]
164 verbose reify failed optional dependency /home/user/node_modules/@rollup/rollup-darwin-arm64
165 silly reify mark deleted [ '/home/user/node_modules/@rollup/rollup-darwin-arm64' ]
166 verbose reify failed optional dependency /home/user/node_modules/@rollup/rollup-android-arm64
167 silly reify mark deleted [ '/home/user/node_modules/@rollup/rollup-android-arm64' ]
168 verbose reify failed optional dependency /home/user/node_modules/@rollup/rollup-android-arm-eabi
169 silly reify mark deleted [ '/home/user/node_modules/@rollup/rollup-android-arm-eabi' ]
170 verbose reify failed optional dependency /home/user/node_modules/@next/swc-win32-x64-msvc
171 silly reify mark deleted [ '/home/user/node_modules/@next/swc-win32-x64-msvc' ]
172 verbose reify failed optional dependency /home/user/node_modules/@next/swc-win32-arm64-msvc
173 silly reify mark deleted [ '/home/user/node_modules/@next/swc-win32-arm64-msvc' ]
174 verbose reify failed optional dependency /home/user/node_modules/@next/swc-linux-arm64-musl
175 silly reify mark deleted [ '/home/user/node_modules/@next/swc-linux-arm64-musl' ]
176 verbose reify failed optional dependency /home/user/node_modules/@next/swc-linux-arm64-gnu
177 silly reify mark deleted [ '/home/user/node_modules/@next/swc-linux-arm64-gnu' ]
178 verbose reify failed optional dependency /home/user/node_modules/@next/swc-darwin-x64
179 silly reify mark deleted [ '/home/user/node_modules/@next/swc-darwin-x64' ]
180 verbose reify failed optional dependency /home/user/node_modules/@next/swc-darwin-arm64
181 silly reify mark deleted [ '/home/user/node_modules/@next/swc-darwin-arm64' ]
182 verbose reify failed optional dependency /home/user/node_modules/@img/sharp-win32-x64
183 silly reify mark deleted [ '/home/user/node_modules/@img/sharp-win32-x64' ]
184 verbose reify failed optional dependency /home/user/node_modules/@img/sharp-win32-ia32
185 silly reify mark deleted [ '/home/user/node_modules/@img/sharp-win32-ia32' ]
186 verbose reify failed optional dependency /home/user/node_modules/@img/sharp-wasm32
187 silly reify mark deleted [ '/home/user/node_modules/@img/sharp-wasm32' ]
188 verbose reify failed optional dependency /home/user/node_modules/@img/sharp-linuxmusl-arm64
189 silly reify mark deleted [ '/home/user/node_modules/@img/sharp-linuxmusl-arm64' ]
190 verbose reify failed optional dependency /home/user/node_modules/@img/sharp-linux-s390x
191 silly reify mark deleted [ '/home/user/node_modules/@img/sharp-linux-s390x' ]
192 verbose reify failed optional dependency /home/user/node_modules/@img/sharp-linux-arm64
193 silly reify mark deleted [ '/home/user/node_modules/@img/sharp-linux-arm64' ]
194 verbose reify failed optional dependency /home/user/node_modules/@img/sharp-linux-arm
195 silly reify mark deleted [ '/home/user/node_modules/@img/sharp-linux-arm' ]
196 verbose reify failed optional dependency /home/user/node_modules/@img/sharp-libvips-linuxmusl-arm64
197 silly reify mark deleted [ '/home/user/node_modules/@img/sharp-libvips-linuxmusl-arm64' ]
198 verbose reify failed optional dependency /home/user/node_modules/@img/sharp-libvips-linux-s390x
199 silly reify mark deleted [ '/home/user/node_modules/@img/sharp-libvips-linux-s390x' ]
200 verbose reify failed optional dependency /home/user/node_modules/@img/sharp-libvips-linux-arm64
201 silly reify mark deleted [ '/home/user/node_modules/@img/sharp-libvips-linux-arm64' ]
202 verbose reify failed optional dependency /home/user/node_modules/@img/sharp-libvips-linux-arm
203 silly reify mark deleted [ '/home/user/node_modules/@img/sharp-libvips-linux-arm' ]
204 verbose reify failed optional dependency /home/user/node_modules/@img/sharp-libvips-darwin-x64
205 silly reify mark deleted [ '/home/user/node_modules/@img/sharp-libvips-darwin-x64' ]
206 verbose reify failed optional dependency /home/user/node_modules/@img/sharp-libvips-darwin-arm64
207 silly reify mark deleted [ '/home/user/node_modules/@img/sharp-libvips-darwin-arm64' ]
208 verbose reify failed optional dependency /home/user/node_modules/@img/sharp-darwin-x64
209 silly reify mark deleted [ '/home/user/node_modules/@img/sharp-darwin-x64' ]
210 verbose reify failed optional dependency /home/user/node_modules/@img/sharp-darwin-arm64
211 silly reify mark deleted [ '/home/user/node_modules/@img/sharp-darwin-arm64' ]
212 verbose reify failed optional dependency /home/user/node_modules/@esbuild/win32-x64
213 silly reify mark deleted [ '/home/user/node_modules/@esbuild/win32-x64' ]
214 verbose reify failed optional dependency /home/user/node_modules/@esbuild/win32-ia32
215 silly reify mark deleted [ '/home/user/node_modules/@esbuild/win32-ia32' ]
216 verbose reify failed optional dependency /home/user/node_modules/@esbuild/win32-arm64
217 silly reify mark deleted [ '/home/user/node_modules/@esbuild/win32-arm64' ]
218 verbose reify failed optional dependency /home/user/node_modules/@esbuild/sunos-x64
219 silly reify mark deleted [ '/home/user/node_modules/@esbuild/sunos-x64' ]
220 verbose reify failed optional dependency /home/user/node_modules/@esbuild/openbsd-x64
221 silly reify mark deleted [ '/home/user/node_modules/@esbuild/openbsd-x64' ]
222 verbose reify failed optional dependency /home/user/node_modules/@esbuild/openbsd-arm64
223 silly reify mark deleted [ '/home/user/node_modules/@esbuild/openbsd-arm64' ]
224 verbose reify failed optional dependency /home/user/node_modules/@esbuild/netbsd-x64
225 silly reify mark deleted [ '/home/user/node_modules/@esbuild/netbsd-x64' ]
226 verbose reify failed optional dependency /home/user/node_modules/@esbuild/netbsd-arm64
227 silly reify mark deleted [ '/home/user/node_modules/@esbuild/netbsd-arm64' ]
228 verbose reify failed optional dependency /home/user/node_modules/@esbuild/linux-s390x
229 silly reify mark deleted [ '/home/user/node_modules/@esbuild/linux-s390x' ]
230 verbose reify failed optional dependency /home/user/node_modules/@esbuild/linux-riscv64
231 silly reify mark deleted [ '/home/user/node_modules/@esbuild/linux-riscv64' ]
232 verbose reify failed optional dependency /home/user/node_modules/@esbuild/linux-ppc64
233 silly reify mark deleted [ '/home/user/node_modules/@esbuild/linux-ppc64' ]
234 verbose reify failed optional dependency /home/user/node_modules/@esbuild/linux-mips64el
235 silly reify mark deleted [ '/home/user/node_modules/@esbuild/linux-mips64el' ]
236 verbose reify failed optional dependency /home/user/node_modules/@esbuild/linux-loong64
237 silly reify mark deleted [ '/home/user/node_modules/@esbuild/linux-loong64' ]
238 verbose reify failed optional dependency /home/user/node_modules/@esbuild/linux-ia32
239 silly reify mark deleted [ '/home/user/node_modules/@esbuild/linux-ia32' ]
240 verbose reify failed optional dependency /home/user/node_modules/@esbuild/linux-arm64
241 silly reify mark deleted [ '/home/user/node_modules/@esbuild/linux-arm64' ]
242 verbose reify failed optional dependency /home/user/node_modules/@esbuild/linux-arm
243 silly reify mark deleted [ '/home/user/node_modules/@esbuild/linux-arm' ]
244 verbose reify failed optional dependency /home/user/node_modules/@esbuild/freebsd-x64
245 silly reify mark deleted [ '/home/user/node_modules/@esbuild/freebsd-x64' ]
246 verbose reify failed optional dependency /home/user/node_modules/@esbuild/freebsd-arm64
247 silly reify mark deleted [ '/home/user/node_modules/@esbuild/freebsd-arm64' ]
248 verbose reify failed optional dependency /home/user/node_modules/@esbuild/darwin-x64
249 silly reify mark deleted [ '/home/user/node_modules/@esbuild/darwin-x64' ]
250 verbose reify failed optional dependency /home/user/node_modules/@esbuild/darwin-arm64
251 silly reify mark deleted [ '/home/user/node_modules/@esbuild/darwin-arm64' ]
252 verbose reify failed optional dependency /home/user/node_modules/@esbuild/android-x64
253 silly reify mark deleted [ '/home/user/node_modules/@esbuild/android-x64' ]
254 verbose reify failed optional dependency /home/user/node_modules/@esbuild/android-arm64
255 silly reify mark deleted [ '/home/user/node_modules/@esbuild/android-arm64' ]
256 verbose reify failed optional dependency /home/user/node_modules/@esbuild/android-arm
257 silly reify mark deleted [ '/home/user/node_modules/@esbuild/android-arm' ]
258 verbose reify failed optional dependency /home/user/node_modules/@esbuild/aix-ppc64
259 silly reify mark deleted [ '/home/user/node_modules/@esbuild/aix-ppc64' ]
260 http cache isows@https://registry.npmjs.org/isows/-/isows-1.0.7.tgz 0ms (cache hit)
261 http cache @types/ws@https://registry.npmjs.org/@types/ws/-/ws-8.18.1.tgz 0ms (cache hit)
262 http cache @types/phoenix@https://registry.npmjs.org/@types/phoenix/-/phoenix-1.6.6.tgz 0ms (cache hit)
263 http cache @supabase/storage-js@https://registry.npmjs.org/@supabase/storage-js/-/storage-js-2.7.1.tgz 0ms (cache hit)
264 http cache @supabase/realtime-js@https://registry.npmjs.org/@supabase/realtime-js/-/realtime-js-2.11.15.tgz 0ms (cache hit)
265 http cache @supabase/postgrest-js@https://registry.npmjs.org/@supabase/postgrest-js/-/postgrest-js-1.19.4.tgz 0ms (cache hit)
266 http cache @supabase/node-fetch@https://registry.npmjs.org/@supabase/node-fetch/-/node-fetch-2.6.15.tgz 0ms (cache hit)
267 http cache @supabase/functions-js@https://registry.npmjs.org/@supabase/functions-js/-/functions-js-2.4.5.tgz 0ms (cache hit)
268 http cache @supabase/auth-js@https://registry.npmjs.org/@supabase/auth-js/-/auth-js-2.71.0.tgz 0ms (cache hit)
269 http cache @supabase/supabase-js@https://registry.npmjs.org/@supabase/supabase-js/-/supabase-js-2.51.0.tgz 0ms (cache hit)
270 http cache @tybys/wasm-util@https://registry.npmjs.org/@tybys/wasm-util/-/wasm-util-0.9.0.tgz 0ms (cache hit)
271 http cache @napi-rs/wasm-runtime@https://registry.npmjs.org/@napi-rs/wasm-runtime/-/wasm-runtime-0.2.8.tgz 0ms (cache hit)
272 http cache @emnapi/wasi-threads@https://registry.npmjs.org/@emnapi/wasi-threads/-/wasi-threads-1.0.1.tgz 0ms (cache hit)
273 http cache @emnapi/core@https://registry.npmjs.org/@emnapi/core/-/core-1.4.0.tgz 0ms (cache hit)
274 http cache ws@https://registry.npmjs.org/ws/-/ws-8.18.3.tgz 0ms (cache hit)
275 http cache webidl-conversions@https://registry.npmjs.org/webidl-conversions/-/webidl-conversions-3.0.1.tgz 0ms (cache hit)
276 http cache tr46@https://registry.npmjs.org/tr46/-/tr46-0.0.3.tgz 0ms (cache hit)
277 http cache whatwg-url@https://registry.npmjs.org/whatwg-url/-/whatwg-url-5.0.0.tgz 0ms (cache hit)
278 silly tarball no local data for isows@https://registry.npmjs.org/isows/-/isows-1.0.7.tgz. Extracting by manifest.
279 silly tarball no local data for @types/ws@https://registry.npmjs.org/@types/ws/-/ws-8.18.1.tgz. Extracting by manifest.
280 silly tarball no local data for @types/phoenix@https://registry.npmjs.org/@types/phoenix/-/phoenix-1.6.6.tgz. Extracting by manifest.
281 silly tarball no local data for @supabase/storage-js@https://registry.npmjs.org/@supabase/storage-js/-/storage-js-2.7.1.tgz. Extracting by manifest.
282 silly tarball no local data for @supabase/realtime-js@https://registry.npmjs.org/@supabase/realtime-js/-/realtime-js-2.11.15.tgz. Extracting by manifest.
283 silly tarball no local data for @supabase/postgrest-js@https://registry.npmjs.org/@supabase/postgrest-js/-/postgrest-js-1.19.4.tgz. Extracting by manifest.
284 silly tarball no local data for @supabase/node-fetch@https://registry.npmjs.org/@supabase/node-fetch/-/node-fetch-2.6.15.tgz. Extracting by manifest.
285 silly tarball no local data for @supabase/functions-js@https://registry.npmjs.org/@supabase/functions-js/-/functions-js-2.4.5.tgz. Extracting by manifest.
286 silly tarball no local data for @supabase/auth-js@https://registry.npmjs.org/@supabase/auth-js/-/auth-js-2.71.0.tgz. Extracting by manifest.
287 silly tarball no local data for @supabase/supabase-js@https://registry.npmjs.org/@supabase/supabase-js/-/supabase-js-2.51.0.tgz. Extracting by manifest.
288 silly tarball no local data for ws@https://registry.npmjs.org/ws/-/ws-8.18.3.tgz. Extracting by manifest.
289 silly tarball no local data for webidl-conversions@https://registry.npmjs.org/webidl-conversions/-/webidl-conversions-3.0.1.tgz. Extracting by manifest.
290 silly tarball no local data for tr46@https://registry.npmjs.org/tr46/-/tr46-0.0.3.tgz. Extracting by manifest.
291 silly tarball no local data for whatwg-url@https://registry.npmjs.org/whatwg-url/-/whatwg-url-5.0.0.tgz. Extracting by manifest.
292 http fetch POST 200 https://registry.npmjs.org/-/npm/v1/security/advisories/bulk 152ms
293 silly audit report {
293 silly audit report   'brace-expansion': [
293 silly audit report     {
293 silly audit report       id: 1105443,
293 silly audit report       url: 'https://github.com/advisories/GHSA-v6h2-p8h4-qcjw',
293 silly audit report       title: 'brace-expansion Regular Expression Denial of Service vulnerability',
293 silly audit report       severity: 'low',
293 silly audit report       vulnerable_versions: '>=1.0.0 <=1.1.11',
293 silly audit report       cwe: [Array],
293 silly audit report       cvss: [Object]
293 silly audit report     },
293 silly audit report     {
293 silly audit report       id: 1105444,
293 silly audit report       url: 'https://github.com/advisories/GHSA-v6h2-p8h4-qcjw',
293 silly audit report       title: 'brace-expansion Regular Expression Denial of Service vulnerability',
293 silly audit report       severity: 'low',
293 silly audit report       vulnerable_versions: '>=2.0.0 <=2.0.1',
293 silly audit report       cwe: [Array],
293 silly audit report       cvss: [Object]
293 silly audit report     }
293 silly audit report   ]
293 silly audit report }
294 silly packumentCache corgi:https://registry.npmjs.org/brace-expansion cache-miss
295 http cache https://registry.npmjs.org/brace-expansion 274ms (cache hit)
296 silly packumentCache corgi:https://registry.npmjs.org/brace-expansion set size:16192 disposed:false
297 silly packumentCache corgi:https://registry.npmjs.org/minimatch cache-miss
298 http fetch GET 200 https://registry.npmjs.org/@types/ws/-/ws-8.18.1.tgz 410ms (cache miss)
299 http fetch GET 200 https://registry.npmjs.org/@types/phoenix/-/phoenix-1.6.6.tgz 409ms (cache miss)
300 http fetch GET 200 https://registry.npmjs.org/webidl-conversions/-/webidl-conversions-3.0.1.tgz 413ms (cache miss)
301 http fetch GET 200 https://registry.npmjs.org/whatwg-url/-/whatwg-url-5.0.0.tgz 449ms (cache miss)
302 http cache https://registry.npmjs.org/minimatch 62ms (cache hit)
303 silly packumentCache corgi:https://registry.npmjs.org/minimatch set size:143741 disposed:false
304 http fetch GET 200 https://registry.npmjs.org/isows/-/isows-1.0.7.tgz 468ms (cache miss)
305 http fetch GET 200 https://registry.npmjs.org/@supabase/node-fetch/-/node-fetch-2.6.15.tgz 507ms (cache miss)
306 http fetch GET 200 https://registry.npmjs.org/@supabase/functions-js/-/functions-js-2.4.5.tgz 527ms (cache miss)
307 http fetch GET 200 https://registry.npmjs.org/tr46/-/tr46-0.0.3.tgz 527ms (cache miss)
308 http fetch GET 200 https://registry.npmjs.org/ws/-/ws-8.18.3.tgz 533ms (cache miss)
309 http fetch GET 200 https://registry.npmjs.org/@supabase/supabase-js/-/supabase-js-2.51.0.tgz 686ms (cache miss)
310 http fetch GET 200 https://registry.npmjs.org/@supabase/postgrest-js/-/postgrest-js-1.19.4.tgz 690ms (cache miss)
311 http fetch GET 200 https://registry.npmjs.org/@supabase/realtime-js/-/realtime-js-2.11.15.tgz 706ms (cache miss)
312 http fetch GET 200 https://registry.npmjs.org/@supabase/storage-js/-/storage-js-2.7.1.tgz 711ms (cache miss)
313 http fetch GET 200 https://registry.npmjs.org/@supabase/auth-js/-/auth-js-2.71.0.tgz 765ms (cache miss)
314 silly ADD node_modules/isows
315 silly ADD node_modules/@types/ws
316 silly ADD node_modules/@types/phoenix
317 silly ADD node_modules/@supabase/storage-js
318 silly ADD node_modules/@supabase/realtime-js
319 silly ADD node_modules/@supabase/postgrest-js
320 silly ADD node_modules/@supabase/node-fetch
321 silly ADD node_modules/@supabase/node-fetch/node_modules/webidl-conversions
322 silly ADD node_modules/@supabase/node-fetch/node_modules/tr46
323 silly ADD node_modules/@supabase/node-fetch/node_modules/whatwg-url
324 silly ADD node_modules/@supabase/functions-js
325 silly ADD node_modules/@supabase/auth-js
326 silly ADD node_modules/@supabase/supabase-js
327 silly ADD
328 silly ADD
329 silly ADD
330 silly ADD
331 silly ADD
332 silly ADD
333 silly ADD
334 silly ADD
335 silly ADD
336 silly ADD
337 silly ADD
338 silly ADD
339 silly ADD
340 silly ADD
341 silly ADD
342 silly ADD
343 silly ADD
344 silly ADD
345 silly ADD
346 silly ADD
347 silly ADD
348 silly ADD
349 silly ADD
350 silly ADD
351 silly ADD
352 silly ADD
353 silly ADD
354 silly ADD
355 silly ADD
356 silly ADD
357 silly ADD
358 silly ADD
359 silly ADD
360 silly ADD
361 silly ADD
362 silly ADD
363 silly ADD
364 silly ADD
365 silly ADD
366 silly ADD
367 silly ADD
368 silly ADD
369 silly ADD
370 silly ADD
371 silly ADD
372 silly ADD
373 silly ADD
374 silly ADD
375 silly ADD
376 silly ADD
377 silly ADD
378 silly ADD
379 silly ADD
380 silly ADD
381 silly ADD
382 silly ADD
383 silly ADD
384 silly ADD
385 silly ADD
386 silly ADD
387 silly ADD
388 silly ADD
389 silly ADD
390 silly ADD
391 silly ADD
392 silly ADD
393 silly ADD
394 silly ADD
395 silly ADD
396 silly ADD
397 silly ADD
398 silly ADD
399 silly ADD
400 silly ADD
401 silly ADD
402 silly ADD
403 silly ADD
404 silly ADD
405 silly ADD
406 silly ADD
407 silly ADD
408 silly CHANGE node_modules/ws
409 verbose cwd /home/user
410 verbose os Linux 6.1.102
411 verbose node v22.14.0
412 verbose npm  v10.9.2
413 verbose exit 0
414 info ok
